  test.c
C:\Users\Audrey\source\repos\Chpt4\Chpt4\test.c(17,1): warning C4267: 'initializing': conversion from 'size_t' to 'int', possible loss of data
test.obj : error LNK2005: main already defined in swap.obj
polishCalc.obj : error LNK2019: unresolved external symbol atop referenced in function polishCalc
C:\Users\Audrey\source\repos\Chpt4\x64\Debug\Chpt4.exe : fatal error LNK1120: 1 unresolved externals
